<?xml version="1.0" encoding="UTF-8"?>
<!-- Generated by org.testng.reporters.JUnitXMLReporter -->
<testsuite ignored="0" hostname="LAPTOP-KA4DGM33" failures="0" tests="14" name="Test" time="23.695" errors="0" timestamp="2022-11-10T12:17:27 IST">
  <testcase classname="Selenium.Grid.Edge_4" name="getEdge" time="4.632"/>
  <testcase classname="Selenium.Grid.Edge_1" name="getEdge" time="6.482"/>
  <testcase classname="Selenium.Grid.Edge_2" name="getEdge" time="7.264"/>
  <testcase classname="Selenium.Grid.ChromeTest_5" name="getChrome" time="3.158"/>
  <testcase classname="Selenium.Grid.ChromeTest_6" name="getChrome" time="7.872"/>
  <testcase classname="Selenium.Grid.ChromeTest_4" name="getChrome" time="5.013"/>
  <testcase classname="Selenium.Grid.Edge_3" name="getEdge" time="12.453"/>
  <testcase classname="Selenium.Grid.ChromeTest_3" name="getChrome" time="5.748"/>
  <testcase classname="Selenium.Grid.ChromeTest_2" name="getChrome" time="3.083"/>
  <testcase classname="Selenium.Grid.ChromeTest_1" name="getChrome" time="2.196"/>
  <testcase classname="Selenium.Grid.Firefox_4" name="getFirefox" time="8.095"/>
  <testcase classname="Selenium.Grid.Firefox_2" name="getFirefox" time="11.088"/>
  <testcase classname="Selenium.Grid.Firefox_1" name="getFirefox" time="17.121"/>
  <testcase classname="Selenium.Grid.Firefox_3" name="getFirefox" time="15.783"/>
</testsuite> <!-- Test -->
